<?xml version="1.0" encoding="UTF-8"?>
<!-- Generated by org.testng.reporters.JUnitXMLReporter -->
<testsuite hostname="RNT-PUN-1196" ignored="0" name="Command line test" tests="4" failures="0" timestamp="12 Mar 2024 11:33:30 GMT" time="72.19" errors="0">
  <testcase name="testNavigateToDemoVideoAndBack" time="19.676" classname="testCases.TestCases"/>
  <testcase name="testPageTitle" time="5.064" classname="testCases.TestCases"/>
  <testcase name="testPageElements" time="11.929" classname="testCases.TestCases"/>
  <testcase name="signIn" time="21.241" classname="testCases.TestCases"/>
</testsuite> <!-- Command line test -->
