<?xml version="1.0" encoding="UTF-8" ?>
<testsuite tests="4" failures="0" name="testCases.TestCases" time="57.911" errors="0" skipped="0">
  <properties>
[...]
</properties>
  <testcase classname="testCases.TestCases" name="testNavigateToDemoVideoAndBack" time="19.678"/>
  <testcase classname="testCases.TestCases" name="testPageTitle" time="5.062"/>
  <testcase classname="testCases.TestCases" name="testPageElements" time="11.93"/>
  <testcase classname="testCases.TestCases" name="signIn" time="21.241"/>
</testsuite>