<?xml version="1.0" encoding="UTF-8"?>
<testng-results skipped="0" failed="0" ignored="0" total="4" passed="4">
  <reporter-output>
  </reporter-output>
  <suite name="testCases.TestCases" duration-ms="72190" started-at="2024-03-12T11:32:18Z" finished-at="2024-03-12T11:33:30Z">
    <groups>
    </groups>
    <test name="Command line test" duration-ms="72190" started-at="2024-03-12T11:32:18Z" finished-at="2024-03-12T11:33:30Z">
      <class name="testCases.TestCases">
        <test-method status="PASS" signature="loginTest()[pri:0, instance:testCases.TestCases@b97c004]" name="loginTest" is-config="true" duration-ms="14263" started-at="2024-03-12T17:02:18Z" finished-at="2024-03-12T17:02:32Z">
          <reporter-output>
          </reporter-output>
        </test-method> <!-- loginTest -->
        <test-method status="PASS" signature="testNavigateToDemoVideoAndBack()[pri:1, instance:testCases.TestCases@b97c004]" name="testNavigateToDemoVideoAndBack" duration-ms="19676" started-at="2024-03-12T17:02:32Z" finished-at="2024-03-12T17:02:52Z">
          <reporter-output>
          </reporter-output>
        </test-method> <!-- testNavigateToDemoVideoAndBack -->
        <test-method status="PASS" signature="testPageTitle()[pri:2, instance:testCases.TestCases@b97c004]" name="testPageTitle" duration-ms="5064" started-at="2024-03-12T17:02:52Z" finished-at="2024-03-12T17:02:57Z">
          <reporter-output>
          </reporter-output>
        </test-method> <!-- testPageTitle -->
        <test-method status="PASS" signature="testPageElements()[pri:3, instance:testCases.TestCases@b97c004]" name="testPageElements" duration-ms="11929" started-at="2024-03-12T17:02:57Z" finished-at="2024-03-12T17:03:09Z">
          <reporter-output>
          </reporter-output>
        </test-method> <!-- testPageElements -->
        <test-method status="PASS" signature="signIn()[pri:4, instance:testCases.TestCases@b97c004]" name="signIn" duration-ms="21241" started-at="2024-03-12T17:03:09Z" finished-at="2024-03-12T17:03:30Z">
          <reporter-output>
          </reporter-output>
        </test-method> <!-- signIn -->
        <test-method status="PASS" signature="teardown()[pri:0, instance:testCases.TestCases@b97c004]" name="teardown" is-config="true" duration-ms="878" started-at="2024-03-12T17:03:30Z" finished-at="2024-03-12T17:03:31Z">
          <reporter-output>
          </reporter-output>
        </test-method> <!-- teardown -->
      </class> <!-- testCases.TestCases -->
    </test> <!-- Command line test -->
  </suite> <!-- testCases.TestCases -->
</testng-results>
