<?xml version="1.0" encoding="UTF-8"?>
<testng-results skipped="0" failed="0" total="6" passed="6">
  <reporter-output>
  </reporter-output>
  <suite name="ParallelTestSuite" duration-ms="47027" started-at="2024-03-12T13:33:24Z" finished-at="2024-03-12T13:34:12Z">
    <groups>
    </groups>
    <test name="Test2" duration-ms="18414" started-at="2024-03-12T13:33:24Z" finished-at="2024-03-12T13:33:43Z">
      <class name="entrata.TestCases.SignIn">
        <test-method status="PASS" signature="loginTest()[pri:0, instance:entrata.TestCases.SignIn@5e4c8041]" name="loginTest" is-config="true" duration-ms="10229" started-at="2024-03-12T19:03:24Z" finished-at="2024-03-12T19:03:35Z">
          <reporter-output>
          </reporter-output>
        </test-method> <!-- loginTest -->
        <test-method status="PASS" signature="declineCookies()[pri:1, instance:entrata.TestCases.SignIn@5e4c8041]" name="declineCookies" duration-ms="1132" started-at="2024-03-12T19:03:35Z" finished-at="2024-03-12T19:03:36Z">
          <reporter-output>
          </reporter-output>
        </test-method> <!-- declineCookies -->
        <test-method status="PASS" signature="signIn()[pri:2, instance:entrata.TestCases.SignIn@5e4c8041]" name="signIn" duration-ms="6467" started-at="2024-03-12T19:03:36Z" finished-at="2024-03-12T19:03:42Z">
          <reporter-output>
          </reporter-output>
        </test-method> <!-- signIn -->
        <test-method status="PASS" signature="teardown()[pri:0, instance:entrata.TestCases.SignIn@5e4c8041]" name="teardown" is-config="true" duration-ms="579" started-at="2024-03-12T19:03:42Z" finished-at="2024-03-12T19:03:43Z">
          <reporter-output>
          </reporter-output>
        </test-method> <!-- teardown -->
      </class> <!-- entrata.TestCases.SignIn -->
    </test> <!-- Test2 -->
    <test name="Test1" duration-ms="47027" started-at="2024-03-12T13:33:24Z" finished-at="2024-03-12T13:34:12Z">
      <class name="entrata.TestCases.WatchDemo">
        <test-method status="PASS" signature="loginTest()[pri:0, instance:entrata.TestCases.WatchDemo@78b1cc93]" name="loginTest" is-config="true" duration-ms="8373" started-at="2024-03-12T19:03:24Z" finished-at="2024-03-12T19:03:33Z">
          <reporter-output>
          </reporter-output>
        </test-method> <!-- loginTest -->
        <test-method status="PASS" signature="declineCookies()[pri:1, instance:entrata.TestCases.WatchDemo@78b1cc93]" name="declineCookies" duration-ms="1223" started-at="2024-03-12T19:03:33Z" finished-at="2024-03-12T19:03:34Z">
          <reporter-output>
          </reporter-output>
        </test-method> <!-- declineCookies -->
        <test-method status="PASS" signature="testNavigateToDemoVideoAndBack()[pri:2, instance:entrata.TestCases.WatchDemo@78b1cc93]" name="testNavigateToDemoVideoAndBack" duration-ms="5921" started-at="2024-03-12T19:03:34Z" finished-at="2024-03-12T19:03:40Z">
          <reporter-output>
          </reporter-output>
        </test-method> <!-- testNavigateToDemoVideoAndBack -->
        <test-method status="PASS" signature="testPageTitle()[pri:3, instance:entrata.TestCases.WatchDemo@78b1cc93]" name="testPageTitle" duration-ms="2793" started-at="2024-03-12T19:03:40Z" finished-at="2024-03-12T19:03:43Z">
          <reporter-output>
          </reporter-output>
        </test-method> <!-- testPageTitle -->
        <test-method status="PASS" signature="testPageElements()[pri:4, instance:entrata.TestCases.WatchDemo@78b1cc93]" name="testPageElements" duration-ms="28422" started-at="2024-03-12T19:03:43Z" finished-at="2024-03-12T19:04:11Z">
          <reporter-output>
          </reporter-output>
        </test-method> <!-- testPageElements -->
        <test-method status="PASS" signature="teardown()[pri:0, instance:entrata.TestCases.WatchDemo@78b1cc93]" name="teardown" is-config="true" duration-ms="235" started-at="2024-03-12T19:04:11Z" finished-at="2024-03-12T19:04:12Z">
          <reporter-output>
          </reporter-output>
        </test-method> <!-- teardown -->
      </class> <!-- entrata.TestCases.WatchDemo -->
    </test> <!-- Test1 -->
  </suite> <!-- ParallelTestSuite -->
</testng-results>
